<?xml version="1.0" encoding="UTF-8"?>
<testng-results skipped="0" failed="0" ignored="0" total="2" passed="2">
  <reporter-output>
  </reporter-output>
  <suite name="Suite" duration-ms="73228" started-at="2022-04-22T21:32:49 IST" finished-at="2022-04-22T21:34:02 IST">
    <groups>
    </groups>
    <test name="Test" duration-ms="73228" started-at="2022-04-22T21:32:49 IST" finished-at="2022-04-22T21:34:02 IST">
      <class name="com.salesforce.LoginTest">
        <test-method status="PASS" signature="loginTest()[pri:0, instance:com.salesforce.LoginTest@11438d26]" name="loginTest" duration-ms="56546" started-at="2022-04-22T21:32:49 IST" finished-at="2022-04-22T21:33:45 IST">
          <reporter-output>
          </reporter-output>
        </test-method> <!-- loginTest -->
      </class> <!-- com.salesforce.LoginTest -->
      <class name="com.salesforce.TrialAccount">
        <test-method status="PASS" signature="newTrialAccount()[pri:0, instance:com.salesforce.TrialAccount@17d677df]" name="newTrialAccount" duration-ms="16543" started-at="2022-04-22T21:33:45 IST" finished-at="2022-04-22T21:34:02 IST">
          <reporter-output>
          </reporter-output>
        </test-method> <!-- newTrialAccount -->
      </class> <!-- com.salesforce.TrialAccount -->
    </test> <!-- Test -->
  </suite> <!-- Suite -->
</testng-results>
